This file contains any messages produced by compilers while
running configure, to aid debugging if configure makes a mistake.

It was created by sqgo configure 1.0, which was
generated by GNU Autoconf 2.59.  Invocation command line was

  $ ./configure 

## --------- ##
## Platform. ##
## --------- ##

hostname = open
uname -m = x86_64
uname -r = 2.6.18-308.el5
uname -s = Linux
uname -v = #1 SMP Tue Feb 21 20:06:06 EST 2012

/usr/bin/uname -p = unknown
/bin/uname -X     = unknown

/bin/arch              = x86_64
/usr/bin/arch -k       = unknown
/usr/convex/getsysinfo = unknown
hostinfo               = unknown
/bin/machine           = unknown
/usr/bin/oslevel       = unknown
/bin/universe          = unknown

PATH: /usr/kerberos/sbin
PATH: /usr/kerberos/bin
PATH: /usr/local/sbin
PATH: /usr/local/bin
PATH: /sbin
PATH: /bin
PATH: /usr/sbin
PATH: /usr/bin
PATH: /root/bin


## ----------- ##
## Core tests. ##
## ----------- ##

configure:1352: checking for a BSD-compatible install
configure:1407: result: /usr/bin/install -c
configure:1418: checking whether build environment is sane
configure:1461: result: yes
configure:1526: checking for gawk
configure:1542: found /bin/gawk
configure:1552: result: gawk
configure:1562: checking whether make sets $(MAKE)
configure:1582: result: yes
configure:1759: checking for gawk
configure:1785: result: gawk
configure:1841: checking for gcc
configure:1857: found /usr/bin/gcc
configure:1867: result: gcc
configure:2111: checking for C compiler version
configure:2114: gcc --version </dev/null >&5
gcc (GCC) 4.1.2 20080704 (Red Hat 4.1.2-54)
Copyright (C) 2006 Free Software Foundation, Inc.
This is free software; see the source for copying conditions.  There is NO
warranty; not even for MERCHANTABILITY or FITNESS FOR A PARTICULAR PURPOSE.

configure:2117: $? = 0
configure:2119: gcc -v </dev/null >&5
Using built-in specs.
Target: x86_64-redhat-linux
Configured with: ../configure --prefix=/usr --mandir=/usr/share/man --infodir=/usr/share/info --enable-shared --enable-threads=posix --enable-checking=release --with-system-zlib --enable-__cxa_atexit --disable-libunwind-exceptions --enable-libgcj-multifile --enable-languages=c,c++,objc,obj-c++,java,fortran,ada --enable-java-awt=gtk --disable-dssi --disable-plugin --with-java-home=/usr/lib/jvm/java-1.4.2-gcj-1.4.2.0/jre --with-cpu=generic --host=x86_64-redhat-linux
Thread model: posix
gcc version 4.1.2 20080704 (Red Hat 4.1.2-54)
configure:2122: $? = 0
configure:2124: gcc -V </dev/null >&5
gcc: '-V' option must have argument
configure:2127: $? = 1
configure:2150: checking for C compiler default output file name
configure:2153: gcc    conftest.c  >&5
configure:2156: $? = 0
configure:2202: result: a.out
configure:2207: checking whether the C compiler works
configure:2213: ./a.out
configure:2216: $? = 0
configure:2233: result: yes
configure:2240: checking whether we are cross compiling
configure:2242: result: no
configure:2245: checking for suffix of executables
configure:2247: gcc -o conftest    conftest.c  >&5
configure:2250: $? = 0
configure:2275: result: 
configure:2281: checking for suffix of object files
configure:2302: gcc -c   conftest.c >&5
configure:2305: $? = 0
configure:2327: result: o
configure:2331: checking whether we are using the GNU C compiler
configure:2355: gcc -c   conftest.c >&5
configure:2361: $? = 0
configure:2365: test -z 
			 || test ! -s conftest.err
configure:2368: $? = 0
configure:2371: test -s conftest.o
configure:2374: $? = 0
configure:2387: result: yes
configure:2393: checking whether gcc accepts -g
configure:2414: gcc -c -g  conftest.c >&5
configure:2420: $? = 0
configure:2424: test -z 
			 || test ! -s conftest.err
configure:2427: $? = 0
configure:2430: test -s conftest.o
configure:2433: $? = 0
configure:2444: result: yes
configure:2461: checking for gcc option to accept ANSI C
configure:2531: gcc  -c -g -O2  conftest.c >&5
configure:2537: $? = 0
configure:2541: test -z 
			 || test ! -s conftest.err
configure:2544: $? = 0
configure:2547: test -s conftest.o
configure:2550: $? = 0
configure:2568: result: none needed
configure:2586: gcc -c -g -O2  conftest.c >&5
conftest.c:2: error: expected '=', ',', ';', 'asm' or '__attribute__' before 'me'
configure:2592: $? = 1
configure: failed program was:
| #ifndef __cplusplus
|   choke me
| #endif
configure:2736: checking for style of include used by make
configure:2764: result: GNU
configure:2792: checking dependency style of gcc
configure:2882: result: gcc3
configure:2904: checking for main in -lncurses
configure:2928: gcc -o conftest -g -O2   conftest.c -lncurses   >&5
configure:2934: $? = 0
configure:2938: test -z 
			 || test ! -s conftest.err
configure:2941: $? = 0
configure:2944: test -s conftest
configure:2947: $? = 0
configure:2960: result: yes
configure:2973: checking for main in -lpcre
configure:2997: gcc -o conftest -g -O2   conftest.c -lpcre  -lncurses  >&5
configure:3003: $? = 0
configure:3007: test -z 
			 || test ! -s conftest.err
configure:3010: $? = 0
configure:3013: test -s conftest
configure:3016: $? = 0
configure:3029: result: yes
configure:3042: checking for main in -lreadline
configure:3066: gcc -o conftest -g -O2   conftest.c -lreadline  -lpcre -lncurses  >&5
configure:3072: $? = 0
configure:3076: test -z 
			 || test ! -s conftest.err
configure:3079: $? = 0
configure:3082: test -s conftest
configure:3085: $? = 0
configure:3098: result: yes
configure:3111: checking for main in -lssh
configure:3135: gcc -o conftest -g -O2   conftest.c -lssh  -lreadline -lpcre -lncurses  >&5
configure:3141: $? = 0
configure:3145: test -z 
			 || test ! -s conftest.err
configure:3148: $? = 0
configure:3151: test -s conftest
configure:3154: $? = 0
configure:3167: result: yes
configure:3180: checking for main in -lssl
configure:3204: gcc -o conftest -g -O2   conftest.c -lssl  -lssh -lreadline -lpcre -lncurses  >&5
configure:3210: $? = 0
configure:3214: test -z 
			 || test ! -s conftest.err
configure:3217: $? = 0
configure:3220: test -s conftest
configure:3223: $? = 0
configure:3236: result: yes
configure:3254: checking how to run the C preprocessor
configure:3289: gcc -E  conftest.c
configure:3295: $? = 0
configure:3327: gcc -E  conftest.c
conftest.c:16:28: error: ac_nonexistent.h: No such file or directory
configure:3333: $? = 1
configure: failed program was:
| /* confdefs.h.  */
| 
| #define PACKAGE_NAME "sqgo"
| #define PACKAGE_TARNAME "sqgo"
| #define PACKAGE_VERSION "1.0"
| #define PACKAGE_STRING "sqgo 1.0"
| #define PACKAGE_BUGREPORT "abgood@sina.com"
| #define PACKAGE "sqgo"
| #define VERSION "1.0"
| #define HAVE_LIBNCURSES 1
| #define HAVE_LIBPCRE 1
| #define HAVE_LIBREADLINE 1
| #define HAVE_LIBSSH 1
| #define HAVE_LIBSSL 1
| /* end confdefs.h.  */
| #include <ac_nonexistent.h>
configure:3372: result: gcc -E
configure:3396: gcc -E  conftest.c
configure:3402: $? = 0
configure:3434: gcc -E  conftest.c
conftest.c:16:28: error: ac_nonexistent.h: No such file or directory
configure:3440: $? = 1
configure: failed program was:
| /* confdefs.h.  */
| 
| #define PACKAGE_NAME "sqgo"
| #define PACKAGE_TARNAME "sqgo"
| #define PACKAGE_VERSION "1.0"
| #define PACKAGE_STRING "sqgo 1.0"
| #define PACKAGE_BUGREPORT "abgood@sina.com"
| #define PACKAGE "sqgo"
| #define VERSION "1.0"
| #define HAVE_LIBNCURSES 1
| #define HAVE_LIBPCRE 1
| #define HAVE_LIBREADLINE 1
| #define HAVE_LIBSSH 1
| #define HAVE_LIBSSL 1
| /* end confdefs.h.  */
| #include <ac_nonexistent.h>
configure:3484: checking for egrep
configure:3494: result: grep -E
configure:3499: checking for ANSI C header files
configure:3524: gcc -c -g -O2  conftest.c >&5
configure:3530: $? = 0
configure:3534: test -z 
			 || test ! -s conftest.err
configure:3537: $? = 0
configure:3540: test -s conftest.o
configure:3543: $? = 0
configure:3632: gcc -o conftest -g -O2   conftest.c -lssl -lssh -lreadline -lpcre -lncurses  >&5
conftest.c: In function 'main':
conftest.c:33: warning: incompatible implicit declaration of built-in function 'exit'
configure:3635: $? = 0
configure:3637: ./conftest
configure:3640: $? = 0
configure:3655: result: yes
configure:3679: checking for sys/types.h
configure:3695: gcc -c -g -O2  conftest.c >&5
configure:3701: $? = 0
configure:3705: test -z 
			 || test ! -s conftest.err
configure:3708: $? = 0
configure:3711: test -s conftest.o
configure:3714: $? = 0
configure:3725: result: yes
configure:3679: checking for sys/stat.h
configure:3695: gcc -c -g -O2  conftest.c >&5
configure:3701: $? = 0
configure:3705: test -z 
			 || test ! -s conftest.err
configure:3708: $? = 0
configure:3711: test -s conftest.o
configure:3714: $? = 0
configure:3725: result: yes
configure:3679: checking for stdlib.h
configure:3695: gcc -c -g -O2  conftest.c >&5
configure:3701: $? = 0
configure:3705: test -z 
			 || test ! -s conftest.err
configure:3708: $? = 0
configure:3711: test -s conftest.o
configure:3714: $? = 0
configure:3725: result: yes
configure:3679: checking for string.h
configure:3695: gcc -c -g -O2  conftest.c >&5
configure:3701: $? = 0
configure:3705: test -z 
			 || test ! -s conftest.err
configure:3708: $? = 0
configure:3711: test -s conftest.o
configure:3714: $? = 0
configure:3725: result: yes
configure:3679: checking for memory.h
configure:3695: gcc -c -g -O2  conftest.c >&5
configure:3701: $? = 0
configure:3705: test -z 
			 || test ! -s conftest.err
configure:3708: $? = 0
configure:3711: test -s conftest.o
configure:3714: $? = 0
configure:3725: result: yes
configure:3679: checking for strings.h
configure:3695: gcc -c -g -O2  conftest.c >&5
configure:3701: $? = 0
configure:3705: test -z 
			 || test ! -s conftest.err
configure:3708: $? = 0
configure:3711: test -s conftest.o
configure:3714: $? = 0
configure:3725: result: yes
configure:3679: checking for inttypes.h
configure:3695: gcc -c -g -O2  conftest.c >&5
configure:3701: $? = 0
configure:3705: test -z 
			 || test ! -s conftest.err
configure:3708: $? = 0
configure:3711: test -s conftest.o
configure:3714: $? = 0
configure:3725: result: yes
configure:3679: checking for stdint.h
configure:3695: gcc -c -g -O2  conftest.c >&5
configure:3701: $? = 0
configure:3705: test -z 
			 || test ! -s conftest.err
configure:3708: $? = 0
configure:3711: test -s conftest.o
configure:3714: $? = 0
configure:3725: result: yes
configure:3679: checking for unistd.h
configure:3695: gcc -c -g -O2  conftest.c >&5
configure:3701: $? = 0
configure:3705: test -z 
			 || test ! -s conftest.err
configure:3708: $? = 0
configure:3711: test -s conftest.o
configure:3714: $? = 0
configure:3725: result: yes
configure:3758: checking fcntl.h usability
configure:3770: gcc -c -g -O2  conftest.c >&5
configure:3776: $? = 0
configure:3780: test -z 
			 || test ! -s conftest.err
configure:3783: $? = 0
configure:3786: test -s conftest.o
configure:3789: $? = 0
configure:3799: result: yes
configure:3803: checking fcntl.h presence
configure:3813: gcc -E  conftest.c
configure:3819: $? = 0
configure:3839: result: yes
configure:3874: checking for fcntl.h
configure:3881: result: yes
configure:3749: checking for stdlib.h
configure:3754: result: yes
configure:3749: checking for string.h
configure:3754: result: yes
configure:3758: checking sys/ioctl.h usability
configure:3770: gcc -c -g -O2  conftest.c >&5
configure:3776: $? = 0
configure:3780: test -z 
			 || test ! -s conftest.err
configure:3783: $? = 0
configure:3786: test -s conftest.o
configure:3789: $? = 0
configure:3799: result: yes
configure:3803: checking sys/ioctl.h presence
configure:3813: gcc -E  conftest.c
configure:3819: $? = 0
configure:3839: result: yes
configure:3874: checking for sys/ioctl.h
configure:3881: result: yes
configure:3758: checking sys/socket.h usability
configure:3770: gcc -c -g -O2  conftest.c >&5
configure:3776: $? = 0
configure:3780: test -z 
			 || test ! -s conftest.err
configure:3783: $? = 0
configure:3786: test -s conftest.o
configure:3789: $? = 0
configure:3799: result: yes
configure:3803: checking sys/socket.h presence
configure:3813: gcc -E  conftest.c
configure:3819: $? = 0
configure:3839: result: yes
configure:3874: checking for sys/socket.h
configure:3881: result: yes
configure:3758: checking sys/time.h usability
configure:3770: gcc -c -g -O2  conftest.c >&5
configure:3776: $? = 0
configure:3780: test -z 
			 || test ! -s conftest.err
configure:3783: $? = 0
configure:3786: test -s conftest.o
configure:3789: $? = 0
configure:3799: result: yes
configure:3803: checking sys/time.h presence
configure:3813: gcc -E  conftest.c
configure:3819: $? = 0
configure:3839: result: yes
configure:3874: checking for sys/time.h
configure:3881: result: yes
configure:3758: checking termios.h usability
configure:3770: gcc -c -g -O2  conftest.c >&5
configure:3776: $? = 0
configure:3780: test -z 
			 || test ! -s conftest.err
configure:3783: $? = 0
configure:3786: test -s conftest.o
configure:3789: $? = 0
configure:3799: result: yes
configure:3803: checking termios.h presence
configure:3813: gcc -E  conftest.c
configure:3819: $? = 0
configure:3839: result: yes
configure:3874: checking for termios.h
configure:3881: result: yes
configure:3749: checking for unistd.h
configure:3754: result: yes
configure:3896: checking for an ANSI C-conforming const
configure:3963: gcc -c -g -O2  conftest.c >&5
configure:3969: $? = 0
configure:3973: test -z 
			 || test ! -s conftest.err
configure:3976: $? = 0
configure:3979: test -s conftest.o
configure:3982: $? = 0
configure:3993: result: yes
configure:4003: checking whether time.h and sys/time.h may both be included
configure:4028: gcc -c -g -O2  conftest.c >&5
configure:4034: $? = 0
configure:4038: test -z 
			 || test ! -s conftest.err
configure:4041: $? = 0
configure:4044: test -s conftest.o
configure:4047: $? = 0
configure:4058: result: yes
configure:4070: checking for error_at_line
configure:4091: gcc -o conftest -g -O2   conftest.c -lssl -lssh -lreadline -lpcre -lncurses  >&5
configure:4097: $? = 0
configure:4101: test -z 
			 || test ! -s conftest.err
configure:4104: $? = 0
configure:4107: test -s conftest
configure:4110: $? = 0
configure:4122: result: yes
configure:4136: checking whether gcc needs -traditional
configure:4178: result: no
configure:4190: checking for stdlib.h
configure:4195: result: yes
configure:4335: checking for GNU libc compatible malloc
configure:4364: gcc -o conftest -g -O2   conftest.c -lssl -lssh -lreadline -lpcre -lncurses  >&5
configure:4367: $? = 0
configure:4369: ./conftest
configure:4372: $? = 0
configure:4386: result: yes
configure:4431: checking sys/select.h usability
configure:4443: gcc -c -g -O2  conftest.c >&5
configure:4449: $? = 0
configure:4453: test -z 
			 || test ! -s conftest.err
configure:4456: $? = 0
configure:4459: test -s conftest.o
configure:4462: $? = 0
configure:4472: result: yes
configure:4476: checking sys/select.h presence
configure:4486: gcc -E  conftest.c
configure:4492: $? = 0
configure:4512: result: yes
configure:4547: checking for sys/select.h
configure:4554: result: yes
configure:4422: checking for sys/socket.h
configure:4427: result: yes
configure:4567: checking types of arguments for select
configure:4600: gcc -c -g -O2  conftest.c >&5
configure:4606: $? = 0
configure:4610: test -z 
			 || test ! -s conftest.err
configure:4613: $? = 0
configure:4616: test -s conftest.o
configure:4619: $? = 0
configure:4635: result: int,fd_set *,struct timeval *
configure:4658: checking return type of signal handlers
configure:4689: gcc -c -g -O2  conftest.c >&5
configure:4695: $? = 0
configure:4699: test -z 
			 || test ! -s conftest.err
configure:4702: $? = 0
configure:4705: test -s conftest.o
configure:4708: $? = 0
configure:4719: result: void
configure:4737: checking for getpass
configure:4794: gcc -o conftest -g -O2   conftest.c -lssl -lssh -lreadline -lpcre -lncurses  >&5
configure:4800: $? = 0
configure:4804: test -z 
			 || test ! -s conftest.err
configure:4807: $? = 0
configure:4810: test -s conftest
configure:4813: $? = 0
configure:4825: result: yes
configure:4737: checking for memset
configure:4794: gcc -o conftest -g -O2   conftest.c -lssl -lssh -lreadline -lpcre -lncurses  >&5
conftest.c:68: warning: conflicting types for built-in function 'memset'
configure:4800: $? = 0
configure:4804: test -z 
			 || test ! -s conftest.err
configure:4807: $? = 0
configure:4810: test -s conftest
configure:4813: $? = 0
configure:4825: result: yes
configure:4737: checking for select
configure:4794: gcc -o conftest -g -O2   conftest.c -lssl -lssh -lreadline -lpcre -lncurses  >&5
configure:4800: $? = 0
configure:4804: test -z 
			 || test ! -s conftest.err
configure:4807: $? = 0
configure:4810: test -s conftest
configure:4813: $? = 0
configure:4825: result: yes
configure:4737: checking for strcasecmp
configure:4794: gcc -o conftest -g -O2   conftest.c -lssl -lssh -lreadline -lpcre -lncurses  >&5
conftest.c:70: warning: conflicting types for built-in function 'strcasecmp'
configure:4800: $? = 0
configure:4804: test -z 
			 || test ! -s conftest.err
configure:4807: $? = 0
configure:4810: test -s conftest
configure:4813: $? = 0
configure:4825: result: yes
configure:4737: checking for strerror
configure:4794: gcc -o conftest -g -O2   conftest.c -lssl -lssh -lreadline -lpcre -lncurses  >&5
configure:4800: $? = 0
configure:4804: test -z 
			 || test ! -s conftest.err
configure:4807: $? = 0
configure:4810: test -s conftest
configure:4813: $? = 0
configure:4825: result: yes
configure:4737: checking for strncasecmp
configure:4794: gcc -o conftest -g -O2   conftest.c -lssl -lssh -lreadline -lpcre -lncurses  >&5
conftest.c:72: warning: conflicting types for built-in function 'strncasecmp'
configure:4800: $? = 0
configure:4804: test -z 
			 || test ! -s conftest.err
configure:4807: $? = 0
configure:4810: test -s conftest
configure:4813: $? = 0
configure:4825: result: yes
configure:4737: checking for strstr
configure:4794: gcc -o conftest -g -O2   conftest.c -lssl -lssh -lreadline -lpcre -lncurses  >&5
conftest.c:73: warning: conflicting types for built-in function 'strstr'
configure:4800: $? = 0
configure:4804: test -z 
			 || test ! -s conftest.err
configure:4807: $? = 0
configure:4810: test -s conftest
configure:4813: $? = 0
configure:4825: result: yes
configure:4946: creating ./config.status

## ---------------------- ##
## Running config.status. ##
## ---------------------- ##

This file was extended by sqgo config.status 1.0, which was
generated by GNU Autoconf 2.59.  Invocation command line was

  CONFIG_FILES    = 
  CONFIG_HEADERS  = 
  CONFIG_LINKS    = 
  CONFIG_COMMANDS = 
  $ ./config.status 

on open

config.status:689: creating Makefile
config.status:793: creating config.h
config.status:1155: executing depfiles commands

## ---------------- ##
## Cache variables. ##
## ---------------- ##

ac_cv_c_compiler_gnu=yes
ac_cv_c_const=yes
ac_cv_env_CC_set=
ac_cv_env_CC_value=
ac_cv_env_CFLAGS_set=
ac_cv_env_CFLAGS_value=
ac_cv_env_CPPFLAGS_set=
ac_cv_env_CPPFLAGS_value=
ac_cv_env_CPP_set=
ac_cv_env_CPP_value=
ac_cv_env_LDFLAGS_set=
ac_cv_env_LDFLAGS_value=
ac_cv_env_build_alias_set=
ac_cv_env_build_alias_value=
ac_cv_env_host_alias_set=
ac_cv_env_host_alias_value=
ac_cv_env_target_alias_set=
ac_cv_env_target_alias_value=
ac_cv_exeext=
ac_cv_func_getpass=yes
ac_cv_func_malloc_0_nonnull=yes
ac_cv_func_memset=yes
ac_cv_func_select=yes
ac_cv_func_select_args='int,fd_set *,struct timeval *'
ac_cv_func_strcasecmp=yes
ac_cv_func_strerror=yes
ac_cv_func_strncasecmp=yes
ac_cv_func_strstr=yes
ac_cv_header_fcntl_h=yes
ac_cv_header_inttypes_h=yes
ac_cv_header_memory_h=yes
ac_cv_header_stdc=yes
ac_cv_header_stdint_h=yes
ac_cv_header_stdlib_h=yes
ac_cv_header_string_h=yes
ac_cv_header_strings_h=yes
ac_cv_header_sys_ioctl_h=yes
ac_cv_header_sys_select_h=yes
ac_cv_header_sys_socket_h=yes
ac_cv_header_sys_stat_h=yes
ac_cv_header_sys_time_h=yes
ac_cv_header_sys_types_h=yes
ac_cv_header_termios_h=yes
ac_cv_header_time=yes
ac_cv_header_unistd_h=yes
ac_cv_lib_error_at_line=yes
ac_cv_lib_ncurses_main=yes
ac_cv_lib_pcre_main=yes
ac_cv_lib_readline_main=yes
ac_cv_lib_ssh_main=yes
ac_cv_lib_ssl_main=yes
ac_cv_objext=o
ac_cv_path_install='/usr/bin/install -c'
ac_cv_prog_AWK=gawk
ac_cv_prog_CPP='gcc -E'
ac_cv_prog_ac_ct_CC=gcc
ac_cv_prog_cc_g=yes
ac_cv_prog_cc_stdc=
ac_cv_prog_egrep='grep -E'
ac_cv_prog_gcc_traditional=no
ac_cv_prog_make_make_set=yes
ac_cv_type_signal=void
am_cv_CC_dependencies_compiler_type=gcc3

## ----------------- ##
## Output variables. ##
## ----------------- ##

ACLOCAL='${SHELL} /root/code/sqgo/missing --run aclocal-1.9'
AMDEPBACKSLASH='\'
AMDEP_FALSE='#'
AMDEP_TRUE=''
AMTAR='${SHELL} /root/code/sqgo/missing --run tar'
AUTOCONF='${SHELL} /root/code/sqgo/missing --run autoconf'
AUTOHEADER='${SHELL} /root/code/sqgo/missing --run autoheader'
AUTOMAKE='${SHELL} /root/code/sqgo/missing --run automake-1.9'
AWK='gawk'
CC='gcc'
CCDEPMODE='depmode=gcc3'
CFLAGS='-g -O2'
CPP='gcc -E'
CPPFLAGS=''
CYGPATH_W='echo'
DEFS='-DHAVE_CONFIG_H'
DEPDIR='.deps'
ECHO_C=''
ECHO_N='-n'
ECHO_T=''
EGREP='grep -E'
EXEEXT=''
INSTALL_DATA='${INSTALL} -m 644'
INSTALL_PROGRAM='${INSTALL}'
INSTALL_SCRIPT='${INSTALL}'
INSTALL_STRIP_PROGRAM='${SHELL} $(install_sh) -c -s'
LDFLAGS=''
LIBOBJS=''
LIBS='-lssl -lssh -lreadline -lpcre -lncurses '
LTLIBOBJS=''
MAKEINFO='${SHELL} /root/code/sqgo/missing --run makeinfo'
OBJEXT='o'
PACKAGE='sqgo'
PACKAGE_BUGREPORT='abgood@sina.com'
PACKAGE_NAME='sqgo'
PACKAGE_STRING='sqgo 1.0'
PACKAGE_TARNAME='sqgo'
PACKAGE_VERSION='1.0'
PATH_SEPARATOR=':'
SET_MAKE=''
SHELL='/bin/sh'
STRIP=''
VERSION='1.0'
ac_ct_CC='gcc'
ac_ct_STRIP=''
am__fastdepCC_FALSE='#'
am__fastdepCC_TRUE=''
am__include='include'
am__leading_dot='.'
am__quote=''
am__tar='${AMTAR} chof - "$$tardir"'
am__untar='${AMTAR} xf -'
bindir='${exec_prefix}/bin'
build_alias=''
datadir='${prefix}/share'
exec_prefix='${prefix}'
host_alias=''
includedir='${prefix}/include'
infodir='${prefix}/info'
install_sh='/root/code/sqgo/install-sh'
libdir='${exec_prefix}/lib'
libexecdir='${exec_prefix}/libexec'
localstatedir='${prefix}/var'
mandir='${prefix}/man'
mkdir_p='mkdir -p --'
oldincludedir='/usr/include'
prefix='/usr/local'
program_transform_name='s,x,x,'
sbindir='${exec_prefix}/sbin'
sharedstatedir='${prefix}/com'
sysconfdir='${prefix}/etc'
target_alias=''

## ----------- ##
## confdefs.h. ##
## ----------- ##

#define HAVE_FCNTL_H 1
#define HAVE_GETPASS 1
#define HAVE_INTTYPES_H 1
#define HAVE_LIBNCURSES 1
#define HAVE_LIBPCRE 1
#define HAVE_LIBREADLINE 1
#define HAVE_LIBSSH 1
#define HAVE_LIBSSL 1
#define HAVE_MALLOC 1
#define HAVE_MEMORY_H 1
#define HAVE_MEMSET 1
#define HAVE_SELECT 1
#define HAVE_STDINT_H 1
#define HAVE_STDLIB_H 1
#define HAVE_STDLIB_H 1
#define HAVE_STDLIB_H 1
#define HAVE_STRCASECMP 1
#define HAVE_STRERROR 1
#define HAVE_STRINGS_H 1
#define HAVE_STRING_H 1
#define HAVE_STRING_H 1
#define HAVE_STRNCASECMP 1
#define HAVE_STRSTR 1
#define HAVE_SYS_IOCTL_H 1
#define HAVE_SYS_SELECT_H 1
#define HAVE_SYS_SOCKET_H 1
#define HAVE_SYS_SOCKET_H 1
#define HAVE_SYS_STAT_H 1
#define HAVE_SYS_TIME_H 1
#define HAVE_SYS_TYPES_H 1
#define HAVE_TERMIOS_H 1
#define HAVE_UNISTD_H 1
#define HAVE_UNISTD_H 1
#define PACKAGE "sqgo"
#define PACKAGE_BUGREPORT "abgood@sina.com"
#define PACKAGE_NAME "sqgo"
#define PACKAGE_STRING "sqgo 1.0"
#define PACKAGE_TARNAME "sqgo"
#define PACKAGE_VERSION "1.0"
#define RETSIGTYPE void
#define SELECT_TYPE_ARG1 int
#define SELECT_TYPE_ARG234 (fd_set *)
#define SELECT_TYPE_ARG5 (struct timeval *)
#define STDC_HEADERS 1
#define TIME_WITH_SYS_TIME 1
#define VERSION "1.0"

configure: exit 0
